<?xml version="1.0" encoding="UTF-8" ?>
<testsuite tests="8" failures="3" name="newSoftware.clincTest" time="0.403" errors="0" skipped="0">
  <properties>
[...]
</properties>
  <testcase classname="Admin login" name="Admin can login" time="0.288"/>
  <testcase classname="Admin login" name="Admin has the wrong password" time="0.019"/>
  <testcase classname="Admin login" name="Admin has the wrong username" time="0.013"/>
  <testcase classname="Admin logout" name="Admin logs out" time="0.015"/>
  <testcase classname="Registration for users" name="User registered successfully" time="0.027">
    <failure type="java.lang.AssertionError">java.lang.AssertionError
	at org.junit.Assert.fail(Assert.java:87)
	at org.junit.Assert.assertTrue(Assert.java:42)
	at org.junit.Assert.assertTrue(Assert.java:53)
	at newSoftware.register.the_user_with_id_is_name_email_address_password_is_register_successfully_in_clinc(register.java:68)
	at ✽.The user with id is &quot;1&quot;, name &quot;tassneem&quot; ,email &quot;tassneem@gmail.com&quot;,address &quot;jenin&quot;,password &quot;1234&quot; is register successfully in clinc(file:///C:/Users/2020/eclipse-workspace/newSoftware/use_cases/registration.feature:26)
</failure>
  </testcase>
  <testcase classname="Registration for users" name="User already registered" time="0.015"/>
  <testcase classname="Registration for users" name="User not registered successfully" time="0.01">
    <failure type="java.lang.AssertionError">java.lang.AssertionError
	at org.junit.Assert.fail(Assert.java:87)
	at org.junit.Assert.assertTrue(Assert.java:42)
	at org.junit.Assert.assertTrue(Assert.java:53)
	at newSoftware.register.the_user_is_not_registered_in_clinc(register.java:87)
	at ✽.The user is not registered in clinc(file:///C:/Users/2020/eclipse-workspace/newSoftware/use_cases/registration.feature:36)
</failure>
  </testcase>
  <testcase classname="Registration for users" name="Pull user registration" time="0.016">
    <failure type="java.lang.AssertionError">java.lang.AssertionError
	at org.junit.Assert.fail(Assert.java:87)
	at org.junit.Assert.assertTrue(Assert.java:42)
	at org.junit.Assert.assertTrue(Assert.java:53)
	at newSoftware.register.the_user_is_unregister(register.java:118)
	at ✽.The user is unregister(file:///C:/Users/2020/eclipse-workspace/newSoftware/use_cases/registration.feature:42)
</failure>
  </testcase>
</testsuite>